This file contains any messages produced by compilers while
running configure, to aid debugging if configure makes a mistake.

It was created by VSQL configure 0.1, which was
generated by GNU Autoconf 2.69.  Invocation command line was

  $ ./configure 

## --------- ##
## Platform. ##
## --------- ##

hostname = localhost.localdomain
uname -m = x86_64
uname -r = 3.9.2-200.fc18.x86_64
uname -s = Linux
uname -v = #1 SMP Mon May 13 13:59:47 UTC 2013

/usr/bin/uname -p = x86_64
/bin/uname -X     = unknown

/bin/arch              = x86_64
/usr/bin/arch -k       = unknown
/usr/convex/getsysinfo = unknown
/usr/bin/hostinfo      = unknown
/bin/machine           = unknown
/usr/bin/oslevel       = unknown
/bin/universe          = unknown

PATH: /usr/lib64/qt-3.3/bin
PATH: /usr/lib64/ccache
PATH: /usr/local/bin
PATH: /usr/bin
PATH: /bin
PATH: /usr/local/sbin
PATH: /usr/sbin
PATH: /home/vitor/.local/bin
PATH: /home/vitor/bin
PATH: /home/vitor/das/bin
PATH: /home/vitor/das/adm


## ----------- ##
## Core tests. ##
## ----------- ##

configure:2195: checking for gcc
configure:2211: found /usr/lib64/ccache/gcc
configure:2222: result: gcc
configure:2451: checking for C compiler version
configure:2460: gcc --version >&5
gcc (GCC) 4.7.2 20121109 (Red Hat 4.7.2-8)
Copyright (C) 2012 Free Software Foundation, Inc.
This is free software; see the source for copying conditions.  There is NO
warranty; not even for MERCHANTABILITY or FITNESS FOR A PARTICULAR PURPOSE.

configure:2471: $? = 0
configure:2460: gcc -v >&5
Using built-in specs.
COLLECT_GCC=/usr/bin/gcc
COLLECT_LTO_WRAPPER=/usr/libexec/gcc/x86_64-redhat-linux/4.7.2/lto-wrapper
Target: x86_64-redhat-linux
Configured with: ../configure --prefix=/usr --mandir=/usr/share/man --infodir=/usr/share/info --with-bugurl=http://bugzilla.redhat.com/bugzilla --enable-bootstrap --enable-shared --enable-threads=posix --enable-checking=release --disable-build-with-cxx --disable-build-poststage1-with-cxx --with-system-zlib --enable-__cxa_atexit --disable-libunwind-exceptions --enable-gnu-unique-object --enable-linker-build-id --with-linker-hash-style=gnu --enable-languages=c,c++,objc,obj-c++,java,fortran,ada,go,lto --enable-plugin --enable-initfini-array --enable-java-awt=gtk --disable-dssi --with-java-home=/usr/lib/jvm/java-1.5.0-gcj-1.5.0.0/jre --enable-libgcj-multifile --enable-java-maintainer-mode --with-ecj-jar=/usr/share/java/eclipse-ecj.jar --disable-libjava-multilib --with-ppl --with-cloog --with-tune=generic --with-arch_32=i686 --build=x86_64-redhat-linux
Thread model: posix
gcc version 4.7.2 20121109 (Red Hat 4.7.2-8) (GCC) 
configure:2471: $? = 0
configure:2460: gcc -V >&5
gcc: error: unrecognized command line option '-V'
gcc: fatal error: no input files
compilation terminated.
configure:2471: $? = 4
configure:2460: gcc -qversion >&5
gcc: error: unrecognized command line option '-qversion'
gcc: fatal error: no input files
compilation terminated.
configure:2471: $? = 4
configure:2491: checking whether the C compiler works
configure:2513: gcc    conftest.c  >&5
configure:2517: $? = 0
configure:2565: result: yes
configure:2568: checking for C compiler default output file name
configure:2570: result: a.out
configure:2576: checking for suffix of executables
configure:2583: gcc -o conftest    conftest.c  >&5
configure:2587: $? = 0
configure:2609: result: 
configure:2631: checking whether we are cross compiling
configure:2639: gcc -o conftest    conftest.c  >&5
configure:2643: $? = 0
configure:2650: ./conftest
configure:2654: $? = 0
configure:2669: result: no
configure:2674: checking for suffix of object files
configure:2696: gcc -c   conftest.c >&5
configure:2700: $? = 0
configure:2721: result: o
configure:2725: checking whether we are using the GNU C compiler
configure:2744: gcc -c   conftest.c >&5
configure:2744: $? = 0
configure:2753: result: yes
configure:2762: checking whether gcc accepts -g
configure:2782: gcc -c -g  conftest.c >&5
configure:2782: $? = 0
configure:2823: result: yes
configure:2840: checking for gcc option to accept ISO C89
configure:2903: gcc  -c -g -O2  conftest.c >&5
configure:2903: $? = 0
configure:2916: result: none needed
configure:2994: checking for g++
configure:3010: found /usr/lib64/ccache/g++
configure:3021: result: g++
configure:3048: checking for C++ compiler version
configure:3057: g++ --version >&5
g++ (GCC) 4.7.2 20121109 (Red Hat 4.7.2-8)
Copyright (C) 2012 Free Software Foundation, Inc.
This is free software; see the source for copying conditions.  There is NO
warranty; not even for MERCHANTABILITY or FITNESS FOR A PARTICULAR PURPOSE.

configure:3068: $? = 0
configure:3057: g++ -v >&5
Using built-in specs.
COLLECT_GCC=/usr/bin/g++
COLLECT_LTO_WRAPPER=/usr/libexec/gcc/x86_64-redhat-linux/4.7.2/lto-wrapper
Target: x86_64-redhat-linux
Configured with: ../configure --prefix=/usr --mandir=/usr/share/man --infodir=/usr/share/info --with-bugurl=http://bugzilla.redhat.com/bugzilla --enable-bootstrap --enable-shared --enable-threads=posix --enable-checking=release --disable-build-with-cxx --disable-build-poststage1-with-cxx --with-system-zlib --enable-__cxa_atexit --disable-libunwind-exceptions --enable-gnu-unique-object --enable-linker-build-id --with-linker-hash-style=gnu --enable-languages=c,c++,objc,obj-c++,java,fortran,ada,go,lto --enable-plugin --enable-initfini-array --enable-java-awt=gtk --disable-dssi --with-java-home=/usr/lib/jvm/java-1.5.0-gcj-1.5.0.0/jre --enable-libgcj-multifile --enable-java-maintainer-mode --with-ecj-jar=/usr/share/java/eclipse-ecj.jar --disable-libjava-multilib --with-ppl --with-cloog --with-tune=generic --with-arch_32=i686 --build=x86_64-redhat-linux
Thread model: posix
gcc version 4.7.2 20121109 (Red Hat 4.7.2-8) (GCC) 
configure:3068: $? = 0
configure:3057: g++ -V >&5
g++: error: unrecognized command line option '-V'
g++: fatal error: no input files
compilation terminated.
configure:3068: $? = 4
configure:3057: g++ -qversion >&5
g++: error: unrecognized command line option '-qversion'
g++: fatal error: no input files
compilation terminated.
configure:3068: $? = 4
configure:3072: checking whether we are using the GNU C++ compiler
configure:3091: g++ -c   conftest.cpp >&5
configure:3091: $? = 0
configure:3100: result: yes
configure:3109: checking whether g++ accepts -g
configure:3129: g++ -c -g  conftest.cpp >&5
configure:3129: $? = 0
configure:3170: result: yes
configure:3197: checking for bison
configure:3213: found /usr/bin/bison
configure:3224: result: bison -y
configure:3236: checking whether ln -s works
configure:3240: result: yes
configure:3251: checking for PQclear in -lpq
configure:3276: gcc -o conftest -g -O2   conftest.c -lpq   >&5
configure:3276: $? = 0
configure:3285: result: yes
configure:3301: checking for PQgetvalue in -lpq
configure:3326: gcc -o conftest -g -O2   conftest.c -lpq  -lpq  >&5
configure:3326: $? = 0
configure:3335: result: yes
configure:3351: checking for PQfname in -lpq
configure:3376: gcc -o conftest -g -O2   conftest.c -lpq  -lpq -lpq  >&5
configure:3376: $? = 0
configure:3385: result: yes
configure:3401: checking for PQnfields in -lpq
configure:3426: gcc -o conftest -g -O2   conftest.c -lpq  -lpq -lpq -lpq  >&5
configure:3426: $? = 0
configure:3435: result: yes
configure:3451: checking for PQfinish in -lpq
configure:3476: gcc -o conftest -g -O2   conftest.c -lpq  -lpq -lpq -lpq -lpq  >&5
configure:3476: $? = 0
configure:3485: result: yes
configure:3501: checking for PQerrorMessage in -lpq
configure:3526: gcc -o conftest -g -O2   conftest.c -lpq  -lpq -lpq -lpq -lpq -lpq  >&5
configure:3526: $? = 0
configure:3535: result: yes
configure:3551: checking for PQresultStatus in -lpq
configure:3576: gcc -o conftest -g -O2   conftest.c -lpq  -lpq -lpq -lpq -lpq -lpq -lpq  >&5
configure:3576: $? = 0
configure:3585: result: yes
configure:3601: checking for PQexec in -lpq
configure:3626: gcc -o conftest -g -O2   conftest.c -lpq  -lpq -lpq -lpq -lpq -lpq -lpq -lpq  >&5
configure:3626: $? = 0
configure:3635: result: yes
configure:3651: checking for PQstatus in -lpq
configure:3676: gcc -o conftest -g -O2   conftest.c -lpq  -lpq -lpq -lpq -lpq -lpq -lpq -lpq -lpq  >&5
configure:3676: $? = 0
configure:3685: result: yes
configure:3701: checking for PQconnectdb in -lpq
configure:3726: gcc -o conftest -g -O2   conftest.c -lpq  -lpq -lpq -lpq -lpq -lpq -lpq -lpq -lpq -lpq  >&5
configure:3726: $? = 0
configure:3735: result: yes
configure:3751: checking for PQntuples in -lpq
configure:3776: gcc -o conftest -g -O2   conftest.c -lpq  -lpq -lpq -lpq -lpq -lpq -lpq -lpq -lpq -lpq -lpq  >&5
configure:3776: $? = 0
configure:3785: result: yes
configure:3803: checking for mysql_real_connect in -lmysqlclient
configure:3828: gcc -o conftest -g -O2   conftest.c -lmysqlclient  -lpq -lpq -lpq -lpq -lpq -lpq -lpq -lpq -lpq -lpq -lpq  >&5
/usr/bin/ld: cannot find -lmysqlclient
collect2: error: ld returned 1 exit status
configure:3828: $? = 1
configure: failed program was:
| /* confdefs.h */
| #define PACKAGE_NAME "VSQL"
| #define PACKAGE_TARNAME "vsql"
| #define PACKAGE_VERSION "0.1"
| #define PACKAGE_STRING "VSQL 0.1"
| #define PACKAGE_BUGREPORT "vitor@softwaredevelopment.com.br"
| #define PACKAGE_URL ""
| #define HAVE_LIBPQ 1
| #define HAVE_LIBPQ 1
| #define HAVE_LIBPQ 1
| #define HAVE_LIBPQ 1
| #define HAVE_LIBPQ 1
| #define HAVE_LIBPQ 1
| #define HAVE_LIBPQ 1
| #define HAVE_LIBPQ 1
| #define HAVE_LIBPQ 1
| #define HAVE_LIBPQ 1
| #define HAVE_LIBPQ 1
| /* end confdefs.h.  */
| 
| /* Override any GCC internal prototype to avoid an error.
|    Use char because int might match the return type of a GCC
|    builtin and then its argument prototype would still apply.  */
| #ifdef __cplusplus
| extern "C"
| #endif
| char mysql_real_connect ();
| int
| main ()
| {
| return mysql_real_connect ();
|   ;
|   return 0;
| }
configure:3837: result: no
configure:3848: error: Could not find MySQL library

## ---------------- ##
## Cache variables. ##
## ---------------- ##

ac_cv_c_compiler_gnu=yes
ac_cv_cxx_compiler_gnu=yes
ac_cv_env_CCC_set=
ac_cv_env_CCC_value=
ac_cv_env_CC_set=
ac_cv_env_CC_value=
ac_cv_env_CFLAGS_set=
ac_cv_env_CFLAGS_value=
ac_cv_env_CPPFLAGS_set=
ac_cv_env_CPPFLAGS_value=
ac_cv_env_CPP_set=
ac_cv_env_CPP_value=
ac_cv_env_CXXFLAGS_set=
ac_cv_env_CXXFLAGS_value=
ac_cv_env_CXX_set=
ac_cv_env_CXX_value=
ac_cv_env_LDFLAGS_set=
ac_cv_env_LDFLAGS_value=
ac_cv_env_LIBS_set=
ac_cv_env_LIBS_value=
ac_cv_env_YACC_set=
ac_cv_env_YACC_value=
ac_cv_env_YFLAGS_set=
ac_cv_env_YFLAGS_value=
ac_cv_env_build_alias_set=
ac_cv_env_build_alias_value=
ac_cv_env_host_alias_set=
ac_cv_env_host_alias_value=
ac_cv_env_target_alias_set=
ac_cv_env_target_alias_value=
ac_cv_lib_mysqlclient_mysql_real_connect=no
ac_cv_lib_pq_PQclear=yes
ac_cv_lib_pq_PQconnectdb=yes
ac_cv_lib_pq_PQerrorMessage=yes
ac_cv_lib_pq_PQexec=yes
ac_cv_lib_pq_PQfinish=yes
ac_cv_lib_pq_PQfname=yes
ac_cv_lib_pq_PQgetvalue=yes
ac_cv_lib_pq_PQnfields=yes
ac_cv_lib_pq_PQntuples=yes
ac_cv_lib_pq_PQresultStatus=yes
ac_cv_lib_pq_PQstatus=yes
ac_cv_objext=o
ac_cv_prog_YACC='bison -y'
ac_cv_prog_ac_ct_CC=gcc
ac_cv_prog_ac_ct_CXX=g++
ac_cv_prog_cc_c89=
ac_cv_prog_cc_g=yes
ac_cv_prog_cxx_g=yes

## ----------------- ##
## Output variables. ##
## ----------------- ##

CC='gcc'
CFLAGS='-g -O2'
CPP=''
CPPFLAGS=''
CXX='g++'
CXXFLAGS='-g -O2'
DEFS=''
ECHO_C=''
ECHO_N='-n'
ECHO_T=''
EGREP=''
EXEEXT=''
GREP=''
LDFLAGS=''
LIBOBJS=''
LIBS='-lpq -lpq -lpq -lpq -lpq -lpq -lpq -lpq -lpq -lpq -lpq '
LN_S='ln -s'
LTLIBOBJS=''
OBJEXT='o'
PACKAGE_BUGREPORT='vitor@softwaredevelopment.com.br'
PACKAGE_NAME='VSQL'
PACKAGE_STRING='VSQL 0.1'
PACKAGE_TARNAME='vsql'
PACKAGE_URL=''
PACKAGE_VERSION='0.1'
PATH_SEPARATOR=':'
SHELL='/bin/sh'
YACC='bison -y'
YFLAGS=''
ac_ct_CC='gcc'
ac_ct_CXX='g++'
bindir='${exec_prefix}/bin'
build_alias=''
datadir='${datarootdir}'
datarootdir='${prefix}/share'
docdir='${datarootdir}/doc/${PACKAGE_TARNAME}'
dvidir='${docdir}'
exec_prefix='NONE'
host_alias=''
htmldir='${docdir}'
includedir='${prefix}/include'
infodir='${datarootdir}/info'
libdir='${exec_prefix}/lib'
libexecdir='${exec_prefix}/libexec'
localedir='${datarootdir}/locale'
localstatedir='${prefix}/var'
mandir='${datarootdir}/man'
oldincludedir='/usr/include'
pdfdir='${docdir}'
prefix='NONE'
program_transform_name='s,x,x,'
psdir='${docdir}'
sbindir='${exec_prefix}/sbin'
sharedstatedir='${prefix}/com'
sysconfdir='${prefix}/etc'
target_alias=''

## ----------- ##
## confdefs.h. ##
## ----------- ##

/* confdefs.h */
#define PACKAGE_NAME "VSQL"
#define PACKAGE_TARNAME "vsql"
#define PACKAGE_VERSION "0.1"
#define PACKAGE_STRING "VSQL 0.1"
#define PACKAGE_BUGREPORT "vitor@softwaredevelopment.com.br"
#define PACKAGE_URL ""
#define HAVE_LIBPQ 1
#define HAVE_LIBPQ 1
#define HAVE_LIBPQ 1
#define HAVE_LIBPQ 1
#define HAVE_LIBPQ 1
#define HAVE_LIBPQ 1
#define HAVE_LIBPQ 1
#define HAVE_LIBPQ 1
#define HAVE_LIBPQ 1
#define HAVE_LIBPQ 1
#define HAVE_LIBPQ 1

configure: exit 1
